<?xml version="1.0" encoding="UTF-8"?>
<!-- Generated by org.testng.reporters.JUnitXMLReporter -->
<testsuite ignored="0" hostname="342-MC-C02C3F9TMD6M.local" failures="0" tests="2" name="CreditCardTest" time="20.129" errors="0" timestamp="2022-05-12T22:26:17 IST">
  <testcase classname="testcases.CreditCardTest" name="errors_verification_test" time="1.383"/>
  <testcase classname="testcases.CreditCardTest" name="valid_values_verification_test" time="2.645"/>
</testsuite> <!-- CreditCardTest -->
