<?xml version="1.0" encoding="UTF-8"?>
<testng-results ignored="0" total="2" passed="2" failed="0" skipped="0">
  <reporter-output>
    <line>
      <![CDATA[1]]>
    </line>
    <line>
      <![CDATA[1]]>
    </line>
  </reporter-output>
  <suite started-at="2022-05-12T22:25:57 IST" name="TestNGListenerSuite" finished-at="2022-05-12T22:26:17 IST" duration-ms="20129">
    <groups>
    </groups>
    <test started-at="2022-05-12T22:25:57 IST" name="CreditCardTest" finished-at="2022-05-12T22:26:17 IST" duration-ms="20129">
      <class name="testcases.CreditCardTest">
        <test-method is-config="true" signature="setUp()[pri:0, instance:testcases.CreditCardTest@3daa422a]" started-at="2022-05-12T22:25:57 IST" name="setUp" finished-at="2022-05-12T22:26:06 IST" duration-ms="8670" status="PASS">
          <reporter-output>
          </reporter-output>
        </test-method> <!-- setUp -->
        <test-method is-config="true" signature="setup()[pri:0, instance:testcases.CreditCardTest@3daa422a]" started-at="2022-05-12T22:26:06 IST" name="setup" finished-at="2022-05-12T22:26:13 IST" depends-on-methods="base.BaseTest.setUp" duration-ms="7233" status="PASS">
          <reporter-output>
          </reporter-output>
        </test-method> <!-- setup -->
        <test-method signature="errors_verification_test()[pri:0, instance:testcases.CreditCardTest@3daa422a]" started-at="2022-05-12T22:26:13 IST" name="errors_verification_test" finished-at="2022-05-12T22:26:15 IST" duration-ms="1383" status="PASS">
          <reporter-output>
            <line>
              <![CDATA[1]]>
            </line>
          </reporter-output>
        </test-method> <!-- errors_verification_test -->
        <test-method signature="valid_values_verification_test()[pri:0, instance:testcases.CreditCardTest@3daa422a]" started-at="2022-05-12T22:26:15 IST" name="valid_values_verification_test" finished-at="2022-05-12T22:26:17 IST" duration-ms="2645" status="PASS">
          <reporter-output>
            <line>
              <![CDATA[1]]>
            </line>
          </reporter-output>
        </test-method> <!-- valid_values_verification_test -->
        <test-method is-config="true" signature="tearDown()[pri:0, instance:testcases.CreditCardTest@3daa422a]" started-at="2022-05-12T22:26:17 IST" name="tearDown" finished-at="2022-05-12T22:26:17 IST" duration-ms="172" status="PASS">
          <reporter-output>
          </reporter-output>
        </test-method> <!-- tearDown -->
      </class> <!-- testcases.CreditCardTest -->
    </test> <!-- CreditCardTest -->
  </suite> <!-- TestNGListenerSuite -->
</testng-results>
